e:\develop\ncnn_opencv\ncnn_learning\ncnn2pytorch\ncnn_aka\ncnn_aka\x64\release\vc142.pdb
e:\develop\ncnn_opencv\ncnn_learning\ncnn2pytorch\ncnn_aka\ncnn_aka\x64\release\convolution1d.obj
e:\develop\ncnn_opencv\ncnn_learning\ncnn2pytorch\ncnn_aka\ncnn_aka\x64\release\convolution.obj
e:\develop\ncnn_opencv\ncnn_learning\ncnn2pytorch\ncnn_aka\ncnn_aka\x64\release\concat.obj
e:\develop\ncnn_opencv\ncnn_learning\ncnn2pytorch\ncnn_aka\ncnn_aka\x64\release\clip.obj
e:\develop\ncnn_opencv\ncnn_learning\ncnn2pytorch\ncnn_aka\ncnn_aka\x64\release\cast.obj
e:\develop\ncnn_opencv\ncnn_learning\ncnn2pytorch\ncnn_aka\ncnn_aka\x64\release\bnll.obj
e:\develop\ncnn_opencv\ncnn_learning\ncnn2pytorch\ncnn_aka\ncnn_aka\x64\release\binaryop.obj
e:\develop\ncnn_opencv\ncnn_learning\ncnn2pytorch\ncnn_aka\ncnn_aka\x64\release\bias.obj
e:\develop\ncnn_opencv\ncnn_learning\ncnn2pytorch\ncnn_aka\ncnn_aka\x64\release\batchnorm.obj
e:\develop\ncnn_opencv\ncnn_learning\ncnn2pytorch\ncnn_aka\ncnn_aka\x64\release\argmax.obj
e:\develop\ncnn_opencv\ncnn_learning\ncnn2pytorch\ncnn_aka\ncnn_aka\x64\release\absval.obj
e:\develop\ncnn_opencv\ncnn_learning\ncnn2pytorch\ncnn_aka\ncnn_aka\x64\release\gpu.obj
e:\develop\ncnn_opencv\ncnn_learning\ncnn2pytorch\ncnn_aka\ncnn_aka\x64\release\datareader.obj
e:\develop\ncnn_opencv\ncnn_learning\ncnn2pytorch\ncnn_aka\ncnn_aka\x64\release\c_api.obj
e:\develop\ncnn_opencv\ncnn_learning\ncnn2pytorch\ncnn_aka\ncnn_aka\x64\release\cpu.obj
e:\develop\ncnn_opencv\ncnn_learning\ncnn2pytorch\ncnn_aka\ncnn_aka\x64\release\command.obj
e:\develop\ncnn_opencv\ncnn_learning\ncnn2pytorch\ncnn_aka\ncnn_aka\x64\release\blob.obj
e:\develop\ncnn_opencv\ncnn_learning\ncnn2pytorch\ncnn_aka\ncnn_aka\x64\release\benchmark.obj
e:\develop\ncnn_opencv\ncnn_learning\ncnn2pytorch\ncnn_aka\ncnn_aka\x64\release\allocator.obj
e:\develop\ncnn_opencv\ncnn_learning\ncnn2pytorch\ncnn_aka\ncnn_aka\x64\release\hardswish.obj
e:\develop\ncnn_opencv\ncnn_learning\ncnn2pytorch\ncnn_aka\ncnn_aka\x64\release\hardsigmoid.obj
e:\develop\ncnn_opencv\ncnn_learning\ncnn2pytorch\ncnn_aka\ncnn_aka\x64\release\gru.obj
e:\develop\ncnn_opencv\ncnn_learning\ncnn2pytorch\ncnn_aka\ncnn_aka\x64\release\groupnorm.obj
e:\develop\ncnn_opencv\ncnn_learning\ncnn2pytorch\ncnn_aka\ncnn_aka\x64\release\gemm.obj
e:\develop\ncnn_opencv\ncnn_learning\ncnn2pytorch\ncnn_aka\ncnn_aka\x64\release\gelu.obj
e:\develop\ncnn_opencv\ncnn_learning\ncnn2pytorch\ncnn_aka\ncnn_aka\x64\release\flatten.obj
e:\develop\ncnn_opencv\ncnn_learning\ncnn2pytorch\ncnn_aka\ncnn_aka\x64\release\expanddims.obj
e:\develop\ncnn_opencv\ncnn_learning\ncnn2pytorch\ncnn_aka\ncnn_aka\x64\release\exp.obj
e:\develop\ncnn_opencv\ncnn_learning\ncnn2pytorch\ncnn_aka\ncnn_aka\x64\release\embed.obj
e:\develop\ncnn_opencv\ncnn_learning\ncnn2pytorch\ncnn_aka\ncnn_aka\x64\release\elu.obj
e:\develop\ncnn_opencv\ncnn_learning\ncnn2pytorch\ncnn_aka\ncnn_aka\x64\release\eltwise.obj
e:\develop\ncnn_opencv\ncnn_learning\ncnn2pytorch\ncnn_aka\ncnn_aka\x64\release\dropout.obj
e:\develop\ncnn_opencv\ncnn_learning\ncnn2pytorch\ncnn_aka\ncnn_aka\x64\release\detectionoutput.obj
e:\develop\ncnn_opencv\ncnn_learning\ncnn2pytorch\ncnn_aka\ncnn_aka\x64\release\dequantize.obj
e:\develop\ncnn_opencv\ncnn_learning\ncnn2pytorch\ncnn_aka\ncnn_aka\x64\release\deepcopy.obj
e:\develop\ncnn_opencv\ncnn_learning\ncnn2pytorch\ncnn_aka\ncnn_aka\x64\release\deconvolutiondepthwise.obj
e:\develop\ncnn_opencv\ncnn_learning\ncnn2pytorch\ncnn_aka\ncnn_aka\x64\release\deconvolution.obj
e:\develop\ncnn_opencv\ncnn_learning\ncnn2pytorch\ncnn_aka\ncnn_aka\x64\release\crop.obj
e:\develop\ncnn_opencv\ncnn_learning\ncnn2pytorch\ncnn_aka\ncnn_aka\x64\release\convolutiondepthwise.obj
e:\develop\ncnn_opencv\ncnn_learning\ncnn2pytorch\ncnn_aka\ncnn_aka\x64\release\pooling1d.obj
e:\develop\ncnn_opencv\ncnn_learning\ncnn2pytorch\ncnn_aka\ncnn_aka\x64\release\pooling.obj
e:\develop\ncnn_opencv\ncnn_learning\ncnn2pytorch\ncnn_aka\ncnn_aka\x64\release\pixelshuffle.obj
e:\develop\ncnn_opencv\ncnn_learning\ncnn2pytorch\ncnn_aka\ncnn_aka\x64\release\permute.obj
e:\develop\ncnn_opencv\ncnn_learning\ncnn2pytorch\ncnn_aka\ncnn_aka\x64\release\padding.obj
e:\develop\ncnn_opencv\ncnn_learning\ncnn2pytorch\ncnn_aka\ncnn_aka\x64\release\packing.obj
e:\develop\ncnn_opencv\ncnn_learning\ncnn2pytorch\ncnn_aka\ncnn_aka\x64\release\normalize.obj
e:\develop\ncnn_opencv\ncnn_learning\ncnn2pytorch\ncnn_aka\ncnn_aka\x64\release\noop.obj
e:\develop\ncnn_opencv\ncnn_learning\ncnn2pytorch\ncnn_aka\ncnn_aka\x64\release\mvn.obj
e:\develop\ncnn_opencv\ncnn_learning\ncnn2pytorch\ncnn_aka\ncnn_aka\x64\release\multiheadattention.obj
e:\develop\ncnn_opencv\ncnn_learning\ncnn2pytorch\ncnn_aka\ncnn_aka\x64\release\mish.obj
e:\develop\ncnn_opencv\ncnn_learning\ncnn2pytorch\ncnn_aka\ncnn_aka\x64\release\memorydata.obj
e:\develop\ncnn_opencv\ncnn_learning\ncnn2pytorch\ncnn_aka\ncnn_aka\x64\release\lstm.obj
e:\develop\ncnn_opencv\ncnn_learning\ncnn2pytorch\ncnn_aka\ncnn_aka\x64\release\lrn.obj
e:\develop\ncnn_opencv\ncnn_learning\ncnn2pytorch\ncnn_aka\ncnn_aka\x64\release\log.obj
e:\develop\ncnn_opencv\ncnn_learning\ncnn2pytorch\ncnn_aka\ncnn_aka\x64\release\layernorm.obj
e:\develop\ncnn_opencv\ncnn_learning\ncnn2pytorch\ncnn_aka\ncnn_aka\x64\release\interp.obj
e:\develop\ncnn_opencv\ncnn_learning\ncnn2pytorch\ncnn_aka\ncnn_aka\x64\release\instancenorm.obj
e:\develop\ncnn_opencv\ncnn_learning\ncnn2pytorch\ncnn_aka\ncnn_aka\x64\release\input.obj
e:\develop\ncnn_opencv\ncnn_learning\ncnn2pytorch\ncnn_aka\ncnn_aka\x64\release\innerproduct.obj
e:\develop\ncnn_opencv\ncnn_learning\ncnn2pytorch\ncnn_aka\ncnn_aka\x64\release\softmax.obj
e:\develop\ncnn_opencv\ncnn_learning\ncnn2pytorch\ncnn_aka\ncnn_aka\x64\release\slice.obj
e:\develop\ncnn_opencv\ncnn_learning\ncnn2pytorch\ncnn_aka\ncnn_aka\x64\release\sigmoid.obj
e:\develop\ncnn_opencv\ncnn_learning\ncnn2pytorch\ncnn_aka\ncnn_aka\x64\release\shufflechannel.obj
e:\develop\ncnn_opencv\ncnn_learning\ncnn2pytorch\ncnn_aka\ncnn_aka\x64\release\selu.obj
e:\develop\ncnn_opencv\ncnn_learning\ncnn2pytorch\ncnn_aka\ncnn_aka\x64\release\scale.obj
e:\develop\ncnn_opencv\ncnn_learning\ncnn2pytorch\ncnn_aka\ncnn_aka\x64\release\roipooling.obj
e:\develop\ncnn_opencv\ncnn_learning\ncnn2pytorch\ncnn_aka\ncnn_aka\x64\release\roialign.obj
e:\develop\ncnn_opencv\ncnn_learning\ncnn2pytorch\ncnn_aka\ncnn_aka\x64\release\rnn.obj
e:\develop\ncnn_opencv\ncnn_learning\ncnn2pytorch\ncnn_aka\ncnn_aka\x64\release\reshape.obj
e:\develop\ncnn_opencv\ncnn_learning\ncnn2pytorch\ncnn_aka\ncnn_aka\x64\release\requantize.obj
e:\develop\ncnn_opencv\ncnn_learning\ncnn2pytorch\ncnn_aka\ncnn_aka\x64\release\reorg.obj
e:\develop\ncnn_opencv\ncnn_learning\ncnn2pytorch\ncnn_aka\ncnn_aka\x64\release\relu.obj
e:\develop\ncnn_opencv\ncnn_learning\ncnn2pytorch\ncnn_aka\ncnn_aka\x64\release\reduction.obj
e:\develop\ncnn_opencv\ncnn_learning\ncnn2pytorch\ncnn_aka\ncnn_aka\x64\release\quantize.obj
e:\develop\ncnn_opencv\ncnn_learning\ncnn2pytorch\ncnn_aka\ncnn_aka\x64\release\psroipooling.obj
e:\develop\ncnn_opencv\ncnn_learning\ncnn2pytorch\ncnn_aka\ncnn_aka\x64\release\proposal.obj
e:\develop\ncnn_opencv\ncnn_learning\ncnn2pytorch\ncnn_aka\ncnn_aka\x64\release\priorbox.obj
e:\develop\ncnn_opencv\ncnn_learning\ncnn2pytorch\ncnn_aka\ncnn_aka\x64\release\prelu.obj
e:\develop\ncnn_opencv\ncnn_learning\ncnn2pytorch\ncnn_aka\ncnn_aka\x64\release\power.obj
e:\develop\ncnn_opencv\ncnn_learning\ncnn2pytorch\ncnn_aka\ncnn_aka\x64\release\modelbin.obj
e:\develop\ncnn_opencv\ncnn_learning\ncnn2pytorch\ncnn_aka\ncnn_aka\x64\release\mat_pixel_rotate.obj
e:\develop\ncnn_opencv\ncnn_learning\ncnn2pytorch\ncnn_aka\ncnn_aka\x64\release\mat_pixel_resize.obj
e:\develop\ncnn_opencv\ncnn_learning\ncnn2pytorch\ncnn_aka\ncnn_aka\x64\release\mat_pixel_drawing.obj
e:\develop\ncnn_opencv\ncnn_learning\ncnn2pytorch\ncnn_aka\ncnn_aka\x64\release\mat_pixel_android.obj
e:\develop\ncnn_opencv\ncnn_learning\ncnn2pytorch\ncnn_aka\ncnn_aka\x64\release\mat_pixel_affine.obj
e:\develop\ncnn_opencv\ncnn_learning\ncnn2pytorch\ncnn_aka\ncnn_aka\x64\release\mat_pixel.obj
e:\develop\ncnn_opencv\ncnn_learning\ncnn2pytorch\ncnn_aka\ncnn_aka\x64\release\mat.obj
e:\develop\ncnn_opencv\ncnn_learning\ncnn2pytorch\ncnn_aka\ncnn_aka\x64\release\yolov3detectionoutput.obj
e:\develop\ncnn_opencv\ncnn_learning\ncnn2pytorch\ncnn_aka\ncnn_aka\x64\release\yolodetectionoutput.obj
e:\develop\ncnn_opencv\ncnn_learning\ncnn2pytorch\ncnn_aka\ncnn_aka\x64\release\unaryop.obj
e:\develop\ncnn_opencv\ncnn_learning\ncnn2pytorch\ncnn_aka\ncnn_aka\x64\release\tile.obj
e:\develop\ncnn_opencv\ncnn_learning\ncnn2pytorch\ncnn_aka\ncnn_aka\x64\release\threshold.obj
e:\develop\ncnn_opencv\ncnn_learning\ncnn2pytorch\ncnn_aka\ncnn_aka\x64\release\tanh.obj
e:\develop\ncnn_opencv\ncnn_learning\ncnn2pytorch\ncnn_aka\ncnn_aka\x64\release\swish.obj
e:\develop\ncnn_opencv\ncnn_learning\ncnn2pytorch\ncnn_aka\ncnn_aka\x64\release\statisticspooling.obj
e:\develop\ncnn_opencv\ncnn_learning\ncnn2pytorch\ncnn_aka\ncnn_aka\x64\release\squeeze.obj
e:\develop\ncnn_opencv\ncnn_learning\ncnn2pytorch\ncnn_aka\ncnn_aka\x64\release\spp.obj
e:\develop\ncnn_opencv\ncnn_learning\ncnn2pytorch\ncnn_aka\ncnn_aka\x64\release\split.obj
e:\develop\ncnn_opencv\ncnn_learning\ncnn2pytorch\ncnn_aka\ncnn_aka\x64\release\softplus.obj
e:\develop\ncnn_opencv\ncnn_learning\ncnn2pytorch\ncnn_aka\ncnn_aka\x64\release\ncnn_aka.obj
e:\develop\ncnn_opencv\ncnn_learning\ncnn2pytorch\ncnn_aka\ncnn_aka\x64\release\simplestl.obj
e:\develop\ncnn_opencv\ncnn_learning\ncnn2pytorch\ncnn_aka\ncnn_aka\x64\release\simpleomp.obj
e:\develop\ncnn_opencv\ncnn_learning\ncnn2pytorch\ncnn_aka\ncnn_aka\x64\release\simpleocv.obj
e:\develop\ncnn_opencv\ncnn_learning\ncnn2pytorch\ncnn_aka\ncnn_aka\x64\release\pipelinecache.obj
e:\develop\ncnn_opencv\ncnn_learning\ncnn2pytorch\ncnn_aka\ncnn_aka\x64\release\pipeline.obj
e:\develop\ncnn_opencv\ncnn_learning\ncnn2pytorch\ncnn_aka\ncnn_aka\x64\release\paramdict.obj
e:\develop\ncnn_opencv\ncnn_learning\ncnn2pytorch\ncnn_aka\ncnn_aka\x64\release\option.obj
e:\develop\ncnn_opencv\ncnn_learning\ncnn2pytorch\ncnn_aka\ncnn_aka\x64\release\net.obj
e:\develop\ncnn_opencv\ncnn_learning\ncnn2pytorch\ncnn_aka\ncnn_aka\x64\release\flatten_x86.obj
e:\develop\ncnn_opencv\ncnn_learning\ncnn2pytorch\ncnn_aka\ncnn_aka\x64\release\eltwise_x86.obj
e:\develop\ncnn_opencv\ncnn_learning\ncnn2pytorch\ncnn_aka\ncnn_aka\x64\release\dropout_x86.obj
e:\develop\ncnn_opencv\ncnn_learning\ncnn2pytorch\ncnn_aka\ncnn_aka\x64\release\dequantize_x86.obj
e:\develop\ncnn_opencv\ncnn_learning\ncnn2pytorch\ncnn_aka\ncnn_aka\x64\release\crop_x86.obj
e:\develop\ncnn_opencv\ncnn_learning\ncnn2pytorch\ncnn_aka\ncnn_aka\x64\release\convolution_x86.obj
e:\develop\ncnn_opencv\ncnn_learning\ncnn2pytorch\ncnn_aka\ncnn_aka\x64\release\convolutiondepthwise_x86.obj
e:\develop\ncnn_opencv\ncnn_learning\ncnn2pytorch\ncnn_aka\ncnn_aka\x64\release\concat_x86.obj
e:\develop\ncnn_opencv\ncnn_learning\ncnn2pytorch\ncnn_aka\ncnn_aka\x64\release\clip_x86.obj
e:\develop\ncnn_opencv\ncnn_learning\ncnn2pytorch\ncnn_aka\ncnn_aka\x64\release\cast_x86.obj
e:\develop\ncnn_opencv\ncnn_learning\ncnn2pytorch\ncnn_aka\ncnn_aka\x64\release\binaryop_x86.obj
e:\develop\ncnn_opencv\ncnn_learning\ncnn2pytorch\ncnn_aka\ncnn_aka\x64\release\bias_x86.obj
e:\develop\ncnn_opencv\ncnn_learning\ncnn2pytorch\ncnn_aka\ncnn_aka\x64\release\batchnorm_x86.obj
e:\develop\ncnn_opencv\ncnn_learning\ncnn2pytorch\ncnn_aka\ncnn_aka\x64\release\tanh_x86.obj
e:\develop\ncnn_opencv\ncnn_learning\ncnn2pytorch\ncnn_aka\ncnn_aka\x64\release\swish_x86.obj
e:\develop\ncnn_opencv\ncnn_learning\ncnn2pytorch\ncnn_aka\ncnn_aka\x64\release\slice_x86.obj
e:\develop\ncnn_opencv\ncnn_learning\ncnn2pytorch\ncnn_aka\ncnn_aka\x64\release\sigmoid_x86.obj
e:\develop\ncnn_opencv\ncnn_learning\ncnn2pytorch\ncnn_aka\ncnn_aka\x64\release\scale_x86.obj
e:\develop\ncnn_opencv\ncnn_learning\ncnn2pytorch\ncnn_aka\ncnn_aka\x64\release\roialign_x86.obj
e:\develop\ncnn_opencv\ncnn_learning\ncnn2pytorch\ncnn_aka\ncnn_aka\x64\release\reshape_x86.obj
e:\develop\ncnn_opencv\ncnn_learning\ncnn2pytorch\ncnn_aka\ncnn_aka\x64\release\requantize_x86.obj
e:\develop\ncnn_opencv\ncnn_learning\ncnn2pytorch\ncnn_aka\ncnn_aka\x64\release\relu_x86.obj
e:\develop\ncnn_opencv\ncnn_learning\ncnn2pytorch\ncnn_aka\ncnn_aka\x64\release\quantize_x86.obj
e:\develop\ncnn_opencv\ncnn_learning\ncnn2pytorch\ncnn_aka\ncnn_aka\x64\release\prelu_x86.obj
e:\develop\ncnn_opencv\ncnn_learning\ncnn2pytorch\ncnn_aka\ncnn_aka\x64\release\pooling_x86.obj
e:\develop\ncnn_opencv\ncnn_learning\ncnn2pytorch\ncnn_aka\ncnn_aka\x64\release\padding_x86.obj
e:\develop\ncnn_opencv\ncnn_learning\ncnn2pytorch\ncnn_aka\ncnn_aka\x64\release\packing_x86.obj
e:\develop\ncnn_opencv\ncnn_learning\ncnn2pytorch\ncnn_aka\ncnn_aka\x64\release\mish_x86.obj
e:\develop\ncnn_opencv\ncnn_learning\ncnn2pytorch\ncnn_aka\ncnn_aka\x64\release\lstm_x86.obj
e:\develop\ncnn_opencv\ncnn_learning\ncnn2pytorch\ncnn_aka\ncnn_aka\x64\release\lrn_x86.obj
e:\develop\ncnn_opencv\ncnn_learning\ncnn2pytorch\ncnn_aka\ncnn_aka\x64\release\innerproduct_x86.obj
e:\develop\ncnn_opencv\ncnn_learning\ncnn2pytorch\ncnn_aka\ncnn_aka\x64\release\hardswish_x86.obj
e:\develop\ncnn_opencv\ncnn_learning\ncnn2pytorch\ncnn_aka\ncnn_aka\x64\release\hardsigmoid_x86.obj
e:\develop\ncnn_opencv\ncnn_learning\ncnn2pytorch\ncnn_aka\ncnn_aka\x64\release\yolov3detectionoutput_x86.obj
e:\develop\ncnn_opencv\ncnn_learning\ncnn2pytorch\ncnn_aka\ncnn_aka\x64\release\innerproduct_x86_avx2.obj
e:\develop\ncnn_opencv\ncnn_learning\ncnn2pytorch\ncnn_aka\ncnn_aka\x64\release\hardswish_x86_avx2.obj
e:\develop\ncnn_opencv\ncnn_learning\ncnn2pytorch\ncnn_aka\ncnn_aka\x64\release\hardsigmoid_x86_avx2.obj
e:\develop\ncnn_opencv\ncnn_learning\ncnn2pytorch\ncnn_aka\ncnn_aka\x64\release\flatten_x86_avx2.obj
e:\develop\ncnn_opencv\ncnn_learning\ncnn2pytorch\ncnn_aka\ncnn_aka\x64\release\eltwise_x86_avx2.obj
e:\develop\ncnn_opencv\ncnn_learning\ncnn2pytorch\ncnn_aka\ncnn_aka\x64\release\dropout_x86_avx2.obj
e:\develop\ncnn_opencv\ncnn_learning\ncnn2pytorch\ncnn_aka\ncnn_aka\x64\release\dequantize_x86_avx2.obj
e:\develop\ncnn_opencv\ncnn_learning\ncnn2pytorch\ncnn_aka\ncnn_aka\x64\release\crop_x86_avx2.obj
e:\develop\ncnn_opencv\ncnn_learning\ncnn2pytorch\ncnn_aka\ncnn_aka\x64\release\convolution_x86_avx2.obj
e:\develop\ncnn_opencv\ncnn_learning\ncnn2pytorch\ncnn_aka\ncnn_aka\x64\release\convolutiondepthwise_x86_avx2.obj
e:\develop\ncnn_opencv\ncnn_learning\ncnn2pytorch\ncnn_aka\ncnn_aka\x64\release\concat_x86_avx2.obj
e:\develop\ncnn_opencv\ncnn_learning\ncnn2pytorch\ncnn_aka\ncnn_aka\x64\release\clip_x86_avx2.obj
e:\develop\ncnn_opencv\ncnn_learning\ncnn2pytorch\ncnn_aka\ncnn_aka\x64\release\cast_x86_avx2.obj
e:\develop\ncnn_opencv\ncnn_learning\ncnn2pytorch\ncnn_aka\ncnn_aka\x64\release\binaryop_x86_avx2.obj
e:\develop\ncnn_opencv\ncnn_learning\ncnn2pytorch\ncnn_aka\ncnn_aka\x64\release\bias_x86_avx2.obj
e:\develop\ncnn_opencv\ncnn_learning\ncnn2pytorch\ncnn_aka\ncnn_aka\x64\release\batchnorm_x86_avx2.obj
e:\develop\ncnn_opencv\ncnn_learning\ncnn2pytorch\ncnn_aka\ncnn_aka\x64\release\layer.obj
e:\develop\ncnn_opencv\ncnn_learning\ncnn2pytorch\ncnn_aka\ncnn_aka\x64\release\yolov3detectionoutput_x86_avx2.obj
e:\develop\ncnn_opencv\ncnn_learning\ncnn2pytorch\ncnn_aka\ncnn_aka\x64\release\tanh_x86_avx2.obj
e:\develop\ncnn_opencv\ncnn_learning\ncnn2pytorch\ncnn_aka\ncnn_aka\x64\release\swish_x86_avx2.obj
e:\develop\ncnn_opencv\ncnn_learning\ncnn2pytorch\ncnn_aka\ncnn_aka\x64\release\slice_x86_avx2.obj
e:\develop\ncnn_opencv\ncnn_learning\ncnn2pytorch\ncnn_aka\ncnn_aka\x64\release\sigmoid_x86_avx2.obj
e:\develop\ncnn_opencv\ncnn_learning\ncnn2pytorch\ncnn_aka\ncnn_aka\x64\release\scale_x86_avx2.obj
e:\develop\ncnn_opencv\ncnn_learning\ncnn2pytorch\ncnn_aka\ncnn_aka\x64\release\roialign_x86_avx2.obj
e:\develop\ncnn_opencv\ncnn_learning\ncnn2pytorch\ncnn_aka\ncnn_aka\x64\release\reshape_x86_avx2.obj
e:\develop\ncnn_opencv\ncnn_learning\ncnn2pytorch\ncnn_aka\ncnn_aka\x64\release\requantize_x86_avx2.obj
e:\develop\ncnn_opencv\ncnn_learning\ncnn2pytorch\ncnn_aka\ncnn_aka\x64\release\relu_x86_avx2.obj
e:\develop\ncnn_opencv\ncnn_learning\ncnn2pytorch\ncnn_aka\ncnn_aka\x64\release\quantize_x86_avx2.obj
e:\develop\ncnn_opencv\ncnn_learning\ncnn2pytorch\ncnn_aka\ncnn_aka\x64\release\prelu_x86_avx2.obj
e:\develop\ncnn_opencv\ncnn_learning\ncnn2pytorch\ncnn_aka\ncnn_aka\x64\release\pooling_x86_avx2.obj
e:\develop\ncnn_opencv\ncnn_learning\ncnn2pytorch\ncnn_aka\ncnn_aka\x64\release\padding_x86_avx2.obj
e:\develop\ncnn_opencv\ncnn_learning\ncnn2pytorch\ncnn_aka\ncnn_aka\x64\release\packing_x86_avx2.obj
e:\develop\ncnn_opencv\ncnn_learning\ncnn2pytorch\ncnn_aka\ncnn_aka\x64\release\mish_x86_avx2.obj
e:\develop\ncnn_opencv\ncnn_learning\ncnn2pytorch\ncnn_aka\ncnn_aka\x64\release\lstm_x86_avx2.obj
e:\develop\ncnn_opencv\ncnn_learning\ncnn2pytorch\ncnn_aka\ncnn_aka\x64\release\lrn_x86_avx2.obj
e:\develop\ncnn_opencv\ncnn_learning\ncnn2pytorch\ncnn_aka\ncnn_aka\x64\release\ncnn_aka.tlog\cl.command.1.tlog
e:\develop\ncnn_opencv\ncnn_learning\ncnn2pytorch\ncnn_aka\ncnn_aka\x64\release\ncnn_aka.tlog\cl.read.1.tlog
e:\develop\ncnn_opencv\ncnn_learning\ncnn2pytorch\ncnn_aka\ncnn_aka\x64\release\ncnn_aka.tlog\cl.write.1.tlog
e:\develop\ncnn_opencv\ncnn_learning\ncnn2pytorch\ncnn_aka\ncnn_aka\x64\release\ncnn_aka.tlog\link.command.1.tlog
e:\develop\ncnn_opencv\ncnn_learning\ncnn2pytorch\ncnn_aka\ncnn_aka\x64\release\ncnn_aka.tlog\link.delete.1.tlog
e:\develop\ncnn_opencv\ncnn_learning\ncnn2pytorch\ncnn_aka\ncnn_aka\x64\release\ncnn_aka.tlog\link.read.1.tlog
e:\develop\ncnn_opencv\ncnn_learning\ncnn2pytorch\ncnn_aka\ncnn_aka\x64\release\ncnn_aka.tlog\link.write.1.tlog
